<?xml version="1.0" encoding="UTF-8"?>
<!-- Generated by org.testng.reporters.JUnitXMLReporter -->
<testsuite hostname="HDC1-D-91K1RG2" ignored="0" name="Default test" tests="3" failures="0" timestamp="08 Mar 2019 06:57:02 GMT" time="19.199" errors="0">
  <testcase name="testPageTitleSample1" time="4.668" classname="com.test.Test1"/>
  <testcase name="testSampleThree" time="0.001" classname="com.test.Test1"/>
  <testcase name="testSampleTwo" time="0.002" classname="com.test.Test1"/>
</testsuite> <!-- Default test -->
