<?xml version="1.0" encoding="UTF-8"?>
<!-- Generated by org.testng.reporters.JUnitXMLReporter -->
<testsuite hostname="HDC1-D-91K1RG2" ignored="0" name="Test" tests="7" failures="0" timestamp="09 Oct 2018 09:52:36 GMT" time="17.896" errors="0">
  <testcase name="testPageTitleSample1" time="4.625" classname="com.test.Test1"/>
  <testcase name="testSampleThree" time="0.001" classname="com.test.Test1"/>
  <testcase name="testSampleTwo" time="0.002" classname="com.test.Test1"/>
  <testcase name="testPageTitleSample2" time="4.12" classname="com.test.Test2"/>
  <testcase name="testSampleOne" time="0.001" classname="com.test.Test2"/>
  <testcase name="testSampleThree" time="0.001" classname="com.test.Test2"/>
  <testcase name="testSampleTwo" time="0.001" classname="com.test.Test2"/>
</testsuite> <!-- Test -->
