<?xml version="1.0" encoding="UTF-8"?>
<!-- Generated by org.testng.reporters.JUnitXMLReporter -->
<testsuite hostname="HDC1-D-91K1RG2" ignored="0" name="Test" tests="7" failures="0" timestamp="08 Mar 2019 06:59:46 GMT" time="21.212" errors="0">
  <testcase name="testPageTitleSample1" time="2.22" classname="com.test.Test1"/>
  <testcase name="testSampleThree" time="0.004" classname="com.test.Test1"/>
  <testcase name="testSampleTwo" time="0.002" classname="com.test.Test1"/>
  <testcase name="testPageTitleSample2" time="4.048" classname="com.test.Test2"/>
  <testcase name="testSampleOne" time="0.002" classname="com.test.Test2"/>
  <testcase name="testSampleThree" time="0.002" classname="com.test.Test2"/>
  <testcase name="testSampleTwo" time="0.002" classname="com.test.Test2"/>
</testsuite> <!-- Test -->
