<?xml version="1.0" encoding="UTF-8"?>
<testng-results skipped="0" failed="0" ignored="0" total="7" passed="7">
  <reporter-output>
  </reporter-output>
  <suite name="Suite" duration-ms="43086" started-at="2018-10-12T09:39:28Z" finished-at="2018-10-12T09:40:11Z">
    <groups>
    </groups>
    <test name="Test" duration-ms="43086" started-at="2018-10-12T09:39:28Z" finished-at="2018-10-12T09:40:11Z">
      <class name="com.test.Test2">
        <test-method status="PASS" signature="setUp()[pri:0, instance:com.test.Test2@9660f4e]" name="setUp" is-config="true" duration-ms="6398" started-at="2018-10-12T09:39:56Z" finished-at="2018-10-12T09:40:02Z">
          <reporter-output>
          </reporter-output>
        </test-method> <!-- setUp -->
        <test-method status="PASS" signature="testPageTitleSample2()[pri:0, instance:com.test.Test2@9660f4e]" name="testPageTitleSample2" duration-ms="7730" started-at="2018-10-12T09:40:02Z" finished-at="2018-10-12T09:40:10Z">
          <reporter-output>
          </reporter-output>
        </test-method> <!-- testPageTitleSample2 -->
        <test-method status="PASS" signature="testSampleThree()[pri:0, instance:com.test.Test2@9660f4e]" name="testSampleThree" duration-ms="0" started-at="2018-10-12T09:40:10Z" finished-at="2018-10-12T09:40:10Z">
          <reporter-output>
          </reporter-output>
        </test-method> <!-- testSampleThree -->
        <test-method status="PASS" signature="testSampleOne()[pri:0, instance:com.test.Test2@9660f4e]" name="testSampleOne" duration-ms="0" started-at="2018-10-12T09:40:10Z" finished-at="2018-10-12T09:40:10Z">
          <reporter-output>
          </reporter-output>
        </test-method> <!-- testSampleOne -->
        <test-method status="PASS" signature="testSampleTwo()[pri:0, instance:com.test.Test2@9660f4e]" name="testSampleTwo" duration-ms="0" started-at="2018-10-12T09:40:10Z" finished-at="2018-10-12T09:40:10Z">
          <reporter-output>
          </reporter-output>
        </test-method> <!-- testSampleTwo -->
        <test-method status="PASS" signature="tearDown()[pri:0, instance:com.test.Test2@9660f4e]" name="tearDown" is-config="true" duration-ms="629" started-at="2018-10-12T09:40:10Z" finished-at="2018-10-12T09:40:11Z">
          <reporter-output>
          </reporter-output>
        </test-method> <!-- tearDown -->
      </class> <!-- com.test.Test2 -->
      <class name="com.test.Test1">
        <test-method status="PASS" signature="setUp()[pri:0, instance:com.test.Test1@7c29daf3]" name="setUp" is-config="true" duration-ms="18142" started-at="2018-10-12T09:39:28Z" finished-at="2018-10-12T09:39:46Z">
          <reporter-output>
          </reporter-output>
        </test-method> <!-- setUp -->
        <test-method status="PASS" signature="testPageTitleSample1()[pri:0, instance:com.test.Test1@7c29daf3]" name="testPageTitleSample1" duration-ms="9111" started-at="2018-10-12T09:39:46Z" finished-at="2018-10-12T09:39:55Z">
          <reporter-output>
          </reporter-output>
        </test-method> <!-- testPageTitleSample1 -->
        <test-method status="PASS" signature="testSampleThree()[pri:0, instance:com.test.Test1@7c29daf3]" name="testSampleThree" duration-ms="2" started-at="2018-10-12T09:39:55Z" finished-at="2018-10-12T09:39:55Z">
          <reporter-output>
          </reporter-output>
        </test-method> <!-- testSampleThree -->
        <test-method status="PASS" signature="testSampleTwo()[pri:0, instance:com.test.Test1@7c29daf3]" name="testSampleTwo" duration-ms="0" started-at="2018-10-12T09:39:55Z" finished-at="2018-10-12T09:39:55Z">
          <reporter-output>
          </reporter-output>
        </test-method> <!-- testSampleTwo -->
        <test-method status="PASS" signature="tearDown()[pri:0, instance:com.test.Test1@7c29daf3]" name="tearDown" is-config="true" duration-ms="657" started-at="2018-10-12T09:39:55Z" finished-at="2018-10-12T09:39:56Z">
          <reporter-output>
          </reporter-output>
        </test-method> <!-- tearDown -->
      </class> <!-- com.test.Test1 -->
    </test> <!-- Test -->
  </suite> <!-- Suite -->
</testng-results>
