<?xml version="1.0" encoding="UTF-8"?>
<testng-results skipped="0" failed="0" ignored="0" total="7" passed="7">
  <reporter-output>
  </reporter-output>
  <suite name="Suite" duration-ms="21212" started-at="2019-03-08T06:59:24Z" finished-at="2019-03-08T06:59:45Z">
    <groups>
    </groups>
    <test name="Test" duration-ms="21212" started-at="2019-03-08T06:59:24Z" finished-at="2019-03-08T06:59:45Z">
      <class name="com.test.Test2">
        <test-method status="PASS" signature="setUp()[pri:0, instance:com.test.Test2@2b2c86]" name="setUp" is-config="true" duration-ms="5644" started-at="2019-03-08T06:59:35Z" finished-at="2019-03-08T06:59:41Z">
          <reporter-output>
          </reporter-output>
        </test-method> <!-- setUp -->
        <test-method status="PASS" signature="testPageTitleSample2()[pri:0, instance:com.test.Test2@2b2c86]" name="testPageTitleSample2" duration-ms="4048" started-at="2019-03-08T06:59:41Z" finished-at="2019-03-08T06:59:45Z">
          <reporter-output>
          </reporter-output>
        </test-method> <!-- testPageTitleSample2 -->
        <test-method status="PASS" signature="testSampleOne()[pri:0, instance:com.test.Test2@2b2c86]" name="testSampleOne" duration-ms="2" started-at="2019-03-08T06:59:45Z" finished-at="2019-03-08T06:59:45Z">
          <reporter-output>
          </reporter-output>
        </test-method> <!-- testSampleOne -->
        <test-method status="PASS" signature="testSampleThree()[pri:0, instance:com.test.Test2@2b2c86]" name="testSampleThree" duration-ms="2" started-at="2019-03-08T06:59:45Z" finished-at="2019-03-08T06:59:45Z">
          <reporter-output>
          </reporter-output>
        </test-method> <!-- testSampleThree -->
        <test-method status="PASS" signature="testSampleTwo()[pri:0, instance:com.test.Test2@2b2c86]" name="testSampleTwo" duration-ms="2" started-at="2019-03-08T06:59:45Z" finished-at="2019-03-08T06:59:45Z">
          <reporter-output>
          </reporter-output>
        </test-method> <!-- testSampleTwo -->
        <test-method status="PASS" signature="tearDown()[pri:0, instance:com.test.Test2@2b2c86]" name="tearDown" is-config="true" duration-ms="698" started-at="2019-03-08T06:59:45Z" finished-at="2019-03-08T06:59:45Z">
          <reporter-output>
          </reporter-output>
        </test-method> <!-- tearDown -->
      </class> <!-- com.test.Test2 -->
      <class name="com.test.Test1">
        <test-method status="PASS" signature="setUp()[pri:0, instance:com.test.Test1@1c27452]" name="setUp" is-config="true" duration-ms="7837" started-at="2019-03-08T06:59:24Z" finished-at="2019-03-08T06:59:32Z">
          <reporter-output>
          </reporter-output>
        </test-method> <!-- setUp -->
        <test-method status="PASS" signature="testPageTitleSample1()[pri:0, instance:com.test.Test1@1c27452]" name="testPageTitleSample1" duration-ms="2220" started-at="2019-03-08T06:59:32Z" finished-at="2019-03-08T06:59:34Z">
          <reporter-output>
          </reporter-output>
        </test-method> <!-- testPageTitleSample1 -->
        <test-method status="PASS" signature="testSampleThree()[pri:0, instance:com.test.Test1@1c27452]" name="testSampleThree" duration-ms="4" started-at="2019-03-08T06:59:34Z" finished-at="2019-03-08T06:59:34Z">
          <reporter-output>
          </reporter-output>
        </test-method> <!-- testSampleThree -->
        <test-method status="PASS" signature="testSampleTwo()[pri:0, instance:com.test.Test1@1c27452]" name="testSampleTwo" duration-ms="2" started-at="2019-03-08T06:59:34Z" finished-at="2019-03-08T06:59:34Z">
          <reporter-output>
          </reporter-output>
        </test-method> <!-- testSampleTwo -->
        <test-method status="PASS" signature="tearDown()[pri:0, instance:com.test.Test1@1c27452]" name="tearDown" is-config="true" duration-ms="680" started-at="2019-03-08T06:59:34Z" finished-at="2019-03-08T06:59:35Z">
          <reporter-output>
          </reporter-output>
        </test-method> <!-- tearDown -->
      </class> <!-- com.test.Test1 -->
    </test> <!-- Test -->
  </suite> <!-- Suite -->
</testng-results>
